<?xml version="1.0" encoding="UTF-8"?>
<coverage generated="1676511470398" clover="3.2.0">
  <project timestamp="1676511470398" name="All files">
    <metrics statements="19" coveredstatements="7" conditionals="1" coveredconditionals="1" methods="2" coveredmethods="1" elements="22" coveredelements="9" complexity="0" loc="19" ncloc="19" packages="1" files="1" classes="1"/>
    <file name="index.ts" path="/Users/dekguh/javascript/react/learn-react-jest/src/utils/index.ts">
      <metrics statements="19" coveredstatements="7" conditionals="1" coveredconditionals="1" methods="2" coveredmethods="1"/>
      <line num="1" count="1" type="stmt"/>
      <line num="2" count="1" type="stmt"/>
      <line num="3" count="1" type="stmt"/>
      <line num="4" count="1" type="stmt"/>
      <line num="5" count="1" type="stmt"/>
      <line num="6" count="1" type="stmt"/>
      <line num="7" count="1" type="stmt"/>
      <line num="8" count="0" type="stmt"/>
      <line num="9" count="0" type="stmt"/>
      <line num="10" count="0" type="stmt"/>
      <line num="11" count="0" type="stmt"/>
      <line num="12" count="0" type="stmt"/>
      <line num="13" count="0" type="stmt"/>
      <line num="14" count="0" type="stmt"/>
      <line num="15" count="0" type="stmt"/>
      <line num="16" count="0" type="stmt"/>
      <line num="17" count="0" type="stmt"/>
      <line num="18" count="0" type="stmt"/>
      <line num="19" count="0" type="cond" truecount="1" falsecount="0"/>
    </file>
  </project>
</coverage>
