{"/Users/dekguh/javascript/react/learn-react-jest/src/utils/index.ts": {"path":"/Users/dekguh/javascript/react/learn-react-jest/src/utils/index.ts","all":false,"statementMap":{"0":{"start":{"line":1,"column":0},"end":{"line":1,"column":38}},"1":{"start":{"line":2,"column":0},"end":{"line":2,"column":31}},"2":{"start":{"line":3,"column":0},"end":{"line":3,"column":15}},"3":{"start":{"line":4,"column":0},"end":{"line":4,"column":17}},"4":{"start":{"line":5,"column":0},"end":{"line":5,"column":2}},"5":{"start":{"line":6,"column":0},"end":{"line":6,"column":0}},"6":{"start":{"line":7,"column":0},"end":{"line":7,"column":88}},"7":{"start":{"line":8,"column":0},"end":{"line":8,"column":11}},"8":{"start":{"line":9,"column":0},"end":{"line":9,"column":22}},"9":{"start":{"line":10,"column":0},"end":{"line":10,"column":14}},"10":{"start":{"line":11,"column":0},"end":{"line":11,"column":14}},"11":{"start":{"line":12,"column":0},"end":{"line":12,"column":4}},"12":{"start":{"line":13,"column":0},"end":{"line":13,"column":0}},"13":{"start":{"line":14,"column":0},"end":{"line":14,"column":10}},"14":{"start":{"line":15,"column":0},"end":{"line":15,"column":21}},"15":{"start":{"line":16,"column":0},"end":{"line":16,"column":14}},"16":{"start":{"line":17,"column":0},"end":{"line":17,"column":16}},"17":{"start":{"line":18,"column":0},"end":{"line":18,"column":4}},"18":{"start":{"line":19,"column":0},"end":{"line":19,"column":2}}},"s":{"0":1,"1":1,"2":1,"3":1,"4":1,"5":1,"6":1,"7":0,"8":0,"9":0,"10":0,"11":0,"12":0,"13":0,"14":0,"15":0,"16":0,"17":0,"18":0},"branchMap":{"0":{"type":"branch","line":19,"loc":{"start":{"line":19,"column":1},"end":{"line":19,"column":2}},"locations":[{"start":{"line":19,"column":1},"end":{"line":19,"column":2}}]}},"b":{"0":[1]},"fnMap":{"0":{"name":"examplePromise","decl":{"start":{"line":7,"column":87},"end":{"line":19,"column":2}},"loc":{"start":{"line":7,"column":87},"end":{"line":19,"column":2}},"line":7},"1":{"name":"get","decl":{"start":{"line":19,"column":1},"end":{"line":19,"column":2}},"loc":{"start":{"line":19,"column":1},"end":{"line":19,"column":2}},"line":19}},"f":{"0":0,"1":1}}
}
